{
  "RSpec": {
    "coverage": {
      "/home/abdullah/projects/simple-social-app/config/environment.rb": [
        null,
        1,
        null,
        null,
        1
      ],
      "/home/abdullah/projects/simple-social-app/config/application.rb": [
        1,
        null,
        1,
        null,
        null,
        null,
        1,
        null,
        1,
        1,
        null,
        null,
        null,
        null,
        null,
        null,
        null,
        null,
        null,
        null,
        null,
        null,
        1,
        null,
        1,
        1,
        null,
        2,
        1,
        null,
        null,
        null
      ],
      "/home/abdullah/projects/simple-social-app/config/boot.rb": [
        1,
        null,
        1
      ],
      "/home/abdullah/projects/simple-social-app/config/environments/test.rb": [
        1,
        null,
        null,
        null,
        null,
        null,
        null,
        1,
        null,
        null,
        null,
        null,
        1,
        null,
        null,
        1,
        1,
        null,
        null,
        1,
        1,
        null,
        null,
        1,
        null,
        null,
        1,
        null,
        null,
        null,
        null,
        1,
        null,
        null,
        1,
        null,
        null,
        1,
        null,
        null,
        null,
        null
      ],
      "/home/abdullah/projects/simple-social-app/config/initializers/assets.rb": [
        null,
        null,
        null,
        1,
        null,
        null,
        null,
        null,
        null,
        null,
        null
      ],
      "/home/abdullah/projects/simple-social-app/config/initializers/backtrace_silencers.rb": [
        null,
        null,
        null,
        null,
        null,
        null,
        null
      ],
      "/home/abdullah/projects/simple-social-app/config/initializers/cookies_serializer.rb": [
        null,
        null,
        1
      ],
      "/home/abdullah/projects/simple-social-app/config/initializers/devise_token_auth.rb": [
        null,
        null,
        1,
        null,
        null,
        null,
        null,
        1,
        null,
        null,
        null,
        null,
        null,
        null,
        null,
        null,
        null,
        null,
        null,
        null,
        null,
        null,
        null,
        null,
        null,
        null,
        null,
        null,
        null,
        null,
        null,
        null,
        null,
        null,
        null,
        null,
        null,
        null,
        null,
        null,
        null,
        null,
        null,
        null,
        null,
        null,
        null,
        null,
        null,
        null
      ],
      "/home/abdullah/projects/simple-social-app/config/initializers/filter_parameter_logging.rb": [
        null,
        null,
        null,
        1
      ],
      "/home/abdullah/projects/simple-social-app/config/initializers/inflections.rb": [
        null,
        null,
        null,
        null,
        null,
        null,
        null,
        null,
        null,
        null,
        null,
        null,
        null,
        null,
        null,
        null
      ],
      "/home/abdullah/projects/simple-social-app/config/initializers/mime_types.rb": [
        null,
        null,
        null,
        null
      ],
      "/home/abdullah/projects/simple-social-app/config/initializers/session_store.rb": [
        null,
        null,
        1
      ],
      "/home/abdullah/projects/simple-social-app/config/initializers/to_time_preserves_timezone.rb": [
        null,
        null,
        null,
        null,
        null,
        null,
        null,
        null,
        null,
        1
      ],
      "/home/abdullah/projects/simple-social-app/config/initializers/wrap_parameters.rb": [
        null,
        null,
        null,
        null,
        null,
        null,
        1,
        1,
        null,
        null,
        null,
        null,
        null,
        null
      ],
      "/home/abdullah/projects/simple-social-app/spec/factories/cards.rb": [
        1,
        1,
        32,
        32,
        null,
        null
      ],
      "/home/abdullah/projects/simple-social-app/spec/factories/comment.rb": [
        1,
        1,
        18,
        null,
        null
      ],
      "/home/abdullah/projects/simple-social-app/spec/factories/list_users.rb": [
        1,
        1,
        null,
        null,
        null
      ],
      "/home/abdullah/projects/simple-social-app/spec/factories/lists.rb": [
        1,
        1,
        77,
        null,
        null
      ],
      "/home/abdullah/projects/simple-social-app/spec/factories/users.rb": [
        1,
        1,
        63,
        63,
        63,
        63,
        null,
        null,
        1,
        91,
        91,
        91,
        91,
        91,
        null,
        null
      ],
      "/home/abdullah/projects/simple-social-app/app/models/user.rb": [
        1,
        1,
        null,
        1,
        null,
        1,
        null,
        1,
        1,
        null,
        1,
        null
      ],
      "/home/abdullah/projects/simple-social-app/config/routes.rb": [
        1,
        1,
        1,
        1,
        null,
        null,
        null,
        1,
        1,
        1,
        null
      ],
      "/home/abdullah/projects/simple-social-app/app/helpers/application_helper.rb": [
        1,
        null
      ],
      "/home/abdullah/projects/simple-social-app/app/helpers/cards_helper.rb": [
        1,
        null
      ],
      "/home/abdullah/projects/simple-social-app/app/helpers/comments_helper.rb": [
        1,
        null
      ],
      "/home/abdullah/projects/simple-social-app/app/helpers/lists_helper.rb": [
        1,
        null
      ],
      "/home/abdullah/projects/simple-social-app/spec/support/request_helpers.rb": [
        1,
        1,
        1,
        45,
        null,
        null,
        1,
        45,
        null,
        null,
        null
      ],
      "/home/abdullah/projects/simple-social-app/spec/requests/comment_spec.rb": [
        1,
        null,
        1,
        1,
        17,
        17,
        17,
        17,
        17,
        17,
        17,
        17,
        17,
        null,
        null,
        1,
        1,
        1,
        1,
        1,
        1,
        1,
        1,
        null,
        null,
        1,
        1,
        1,
        1,
        null,
        1,
        1,
        null,
        null,
        null,
        null,
        null,
        1,
        1,
        1,
        1,
        1,
        1,
        1,
        null,
        null,
        null,
        null,
        1,
        1,
        1,
        1,
        1,
        1,
        null,
        1,
        1,
        null,
        null,
        null,
        null,
        1,
        1,
        1,
        1,
        1,
        null,
        1,
        1,
        null,
        null,
        null,
        null,
        null,
        1,
        1,
        1,
        1,
        1,
        1,
        null,
        null,
        1,
        1,
        null,
        null,
        1,
        1,
        1,
        1,
        null,
        null,
        1,
        null,
        null,
        1,
        1,
        1,
        1,
        null,
        null,
        null,
        null,
        1,
        1,
        null,
        null,
        null,
        1,
        1,
        1,
        1,
        1,
        null,
        null,
        1,
        1,
        null,
        null,
        1,
        1,
        1,
        1,
        null,
        null,
        1,
        1,
        null,
        null,
        null,
        null,
        null,
        null,
        1,
        1,
        1,
        1,
        1,
        1,
        null,
        null,
        null,
        null,
        1,
        1,
        1,
        null,
        null,
        1,
        1,
        1,
        1,
        null,
        null,
        null,
        null,
        1,
        null,
        null,
        1,
        1,
        1,
        1,
        null,
        null,
        null,
        null,
        1,
        1,
        1,
        null,
        null,
        null,
        null,
        null,
        null,
        1,
        1,
        1,
        1,
        1,
        1,
        null,
        null,
        null,
        1,
        1,
        null,
        null,
        1,
        1,
        1,
        1,
        null,
        null,
        null,
        1,
        1,
        null,
        null,
        1,
        1,
        1,
        1,
        null,
        null,
        null,
        1,
        null,
        null,
        1,
        1,
        1,
        1,
        1,
        null,
        null,
        null,
        1,
        1,
        null,
        null,
        null,
        null,
        null,
        null
      ],
      "/home/abdullah/projects/simple-social-app/spec/requests/list_spec.rb": [
        1,
        null,
        1,
        1,
        14,
        14,
        14,
        14,
        null,
        null,
        1,
        1,
        1,
        1,
        1,
        1,
        1,
        1,
        null,
        null,
        null,
        1,
        1,
        1,
        1,
        1,
        1,
        1,
        null,
        null,
        null,
        null,
        1,
        1,
        1,
        1,
        1,
        1,
        1,
        1,
        null,
        null,
        null,
        null,
        1,
        1,
        1,
        1,
        1,
        1,
        1,
        null,
        null,
        null,
        null,
        null,
        null,
        1,
        1,
        1,
        1,
        1,
        1,
        1,
        1,
        null,
        null,
        1,
        1,
        1,
        1,
        1,
        1,
        null,
        null,
        null,
        1,
        1,
        1,
        1,
        1,
        1,
        1,
        null,
        null,
        null,
        null,
        null,
        null,
        1,
        1,
        1,
        1,
        1,
        1,
        null,
        null,
        1,
        1,
        1,
        null,
        null,
        1,
        1,
        1,
        1,
        null,
        null,
        1,
        1,
        null,
        null,
        1,
        1,
        1,
        1,
        null,
        null,
        1,
        1,
        1,
        null,
        null,
        null,
        null,
        1,
        1,
        1,
        1,
        null,
        null,
        1,
        1,
        null,
        null,
        null,
        null,
        null,
        null,
        1,
        1,
        1,
        1,
        1,
        1,
        1,
        1,
        null,
        null,
        1,
        1,
        1,
        1,
        1,
        null,
        null,
        1,
        1,
        1,
        1,
        1,
        null,
        null,
        1,
        1,
        null,
        null,
        null,
        null,
        null,
        null
      ],
      "/home/abdullah/projects/simple-social-app/app/models/list.rb": [
        1,
        null,
        1,
        1,
        null,
        1,
        1,
        null,
        null,
        1,
        null
      ],
      "/home/abdullah/projects/simple-social-app/app/models/list_user.rb": [
        1,
        1,
        1,
        null
      ],
      "/home/abdullah/projects/simple-social-app/app/models/card.rb": [
        1,
        null,
        1,
        1,
        1,
        null,
        null,
        1,
        2,
        null,
        null,
        null,
        1,
        null
      ],
      "/home/abdullah/projects/simple-social-app/app/controllers/application_controller.rb": [
        1,
        1,
        1,
        1,
        1,
        null
      ],
      "/home/abdullah/projects/simple-social-app/app/controllers/cards_controller.rb": [
        1,
        1,
        1,
        1,
        1,
        null,
        1,
        2,
        2,
        null,
        null,
        1,
        1,
        null,
        null,
        1,
        3,
        3,
        3,
        2,
        null,
        1,
        null,
        null,
        null,
        null,
        null,
        1,
        2,
        1,
        null,
        1,
        null,
        null,
        null,
        null,
        null,
        1,
        2,
        1,
        1,
        null,
        1,
        null,
        null,
        null,
        null,
        null,
        1,
        null,
        1,
        11,
        11,
        null,
        null,
        1,
        5,
        null,
        null,
        1,
        6,
        6,
        2,
        null,
        null,
        null,
        null,
        1,
        7,
        3,
        1,
        null,
        null,
        null,
        null
      ],
      "/home/abdullah/projects/simple-social-app/app/models/comment.rb": [
        1,
        null,
        1,
        1,
        1,
        null,
        null,
        null,
        null,
        null,
        1,
        2,
        null,
        null,
        null,
        1,
        null
      ],
      "/home/abdullah/projects/simple-social-app/app/controllers/lists_controller.rb": [
        1,
        1,
        1,
        1,
        1,
        null,
        1,
        2,
        1,
        null,
        1,
        null,
        null,
        null,
        1,
        1,
        null,
        null,
        1,
        2,
        2,
        2,
        1,
        null,
        1,
        null,
        null,
        null,
        null,
        null,
        1,
        2,
        1,
        null,
        1,
        null,
        null,
        null,
        null,
        null,
        1,
        1,
        1,
        null,
        null,
        1,
        null,
        1,
        6,
        null,
        null,
        1,
        4,
        null,
        null,
        1,
        5,
        2,
        null,
        null,
        null,
        null,
        1,
        13,
        5,
        null,
        null,
        null,
        null
      ],
      "/home/abdullah/projects/simple-social-app/app/controllers/comments_controller.rb": [
        1,
        1,
        1,
        1,
        1,
        null,
        null,
        1,
        3,
        2,
        null,
        null,
        null,
        1,
        1,
        null,
        null,
        null,
        null,
        null,
        null,
        null,
        1,
        2,
        null,
        null,
        1,
        4,
        4,
        4,
        3,
        null,
        1,
        null,
        null,
        4,
        3,
        null,
        1,
        null,
        null,
        null,
        null,
        1,
        2,
        1,
        null,
        1,
        null,
        null,
        null,
        null,
        null,
        1,
        3,
        2,
        2,
        null,
        1,
        null,
        null,
        null,
        null,
        null,
        1,
        null,
        1,
        17,
        17,
        17,
        null,
        null,
        1,
        6,
        null,
        null,
        1,
        null,
        7,
        7,
        2,
        null,
        null,
        null,
        null,
        1,
        8,
        3,
        1,
        null,
        null,
        null,
        null
      ]
    },
    "timestamp": 1536660410
  }
}
